<?xml version="1.0" encoding="UTF-8"?>
<!-- Generated by org.testng.reporters.JUnitReportReporter -->
<testsuite skipped="0" hostname="kishor" name="com.qa.Eprocbilling.testCases.MainMenuPageTest" tests="3" failures="0" timestamp="10 Jan 2020 08:33:52 GMT" time="48.342" errors="0">
  <testcase name="salesLinkTest" time="17.780" classname="com.qa.Eprocbilling.testCases.MainMenuPageTest"/>
  <testcase name="purchaseLinkTest" time="15.402" classname="com.qa.Eprocbilling.testCases.MainMenuPageTest"/>
  <testcase name="menupagetitleTest" time="15.160" classname="com.qa.Eprocbilling.testCases.MainMenuPageTest"/>
</testsuite> <!-- com.qa.Eprocbilling.testCases.MainMenuPageTest -->
